, Quality: best, Screen Number: 0, Fullscreen: False, Volume: 0, Cache: False, Window Maximized: False
, Quality: best, Screen Number: 0, Fullscreen: False, Volume: 0, Cache: False, Window Maximized: False
, Quality: best, Screen Number: 0, Fullscreen: False, Volume: 0, Cache: False, Window Maximized: False
, Quality: best, Screen Number: 0, Fullscreen: False, Volume: 0, Cache: False, Window Maximized: False
, Quality: best, Screen Number: 0, Fullscreen: False, Volume: 0, Cache: False, Window Maximized: False
, Quality: best, Screen Number: 0, Fullscreen: False, Volume: 0, Cache: False, Window Maximized: False
, Quality: best, Screen Number: 0, Fullscreen: False, Volume: 0, Cache: False, Window Maximized: False
, Quality: best, Screen Number: 0, Fullscreen: False, Volume: 0, Cache: False, Window Maximized: False
, Quality: best, Screen Number: 0, Fullscreen: False, Volume: 0, Cache: False, Window Maximized: False
, Quality: best, Screen Number: 0, Fullscreen: False, Volume: 0, Cache: False, Window Maximized: False
, Quality: best, Screen Number: 0, Fullscreen: False, Volume: 0, Cache: False, Window Maximized: False
, Quality: best, Screen Number: 0, Fullscreen: False, Volume: 0, Cache: False, Window Maximized: False
, Quality: best, Screen Number: 0, Fullscreen: False, Volume: 0, Cache: False, Window Maximized: False
, Quality: best, Screen Number: 0, Fullscreen: False, Volume: 0, Cache: False, Window Maximized: False
, Quality: best, Screen Number: 0, Fullscreen: False, Volume: 0, Cache: False, Window Maximized: False
, Quality: best, Screen Number: 0, Fullscreen: False, Volume: 0, Cache: False, Window Maximized: False
, Quality: best, Screen Number: 0, Fullscreen: False, Volume: 0, Cache: False, Window Maximized: False
, Quality: best, Screen Number: 0, Fullscreen: False, Volume: 0, Cache: False, Window Maximized: False
, Quality: best, Screen Number: 0, Fullscreen: False, Volume: 0, Cache: False, Window Maximized: False
, Quality: best, Screen Number: 0, Fullscreen: False, Volume: 0, Cache: False, Window Maximized: False
, Quality: best, Screen Number: 0, Fullscreen: False, Volume: 0, Cache: False, Window Maximized: False
, Quality: best, Screen Number: 0, Fullscreen: False, Volume: 0, Cache: False, Window Maximized: False
, Quality: best, Screen Number: 0, Fullscreen: False, Volume: 0, Cache: False, Window Maximized: False
, Quality: best, Screen Number: 0, Fullscreen: False, Volume: 0, Cache: False, Window Maximized: False
, Quality: best, Screen Number: 0, Fullscreen: False, Volume: 0, Cache: False, Window Maximized: False
, Quality: best, Screen Number: 0, Fullscreen: False, Volume: 0, Cache: False, Window Maximized: False
, Quality: best, Screen Number: 0, Fullscreen: False, Volume: 0, Cache: False, Window Maximized: False
, Quality: best, Screen Number: 0, Fullscreen: False, Volume: 0, Cache: False, Window Maximized: False
, Quality: best, Screen Number: 0, Fullscreen: False, Volume: 0, Cache: False, Window Maximized: False
, Quality: best, Screen Number: 0, Fullscreen: False, Volume: 0, Cache: False, Window Maximized: False
, Quality: best, Screen Number: 0, Fullscreen: False, Volume: 0, Cache: False, Window Maximized: False
, Quality: best, Screen Number: 0, Fullscreen: False, Volume: 0, Cache: False, Window Maximized: False
, Quality: best, Screen Number: 0, Fullscreen: False, Volume: 0, Cache: False, Window Maximized: False
, Quality: best, Screen Number: 0, Fullscreen: False, Volume: 0, Cache: False, Window Maximized: False
, Quality: best, Screen Number: 0, Fullscreen: False, Volume: 0, Cache: False, Window Maximized: False
, Quality: best, Screen Number: 0, Fullscreen: False, Volume: 0, Cache: False, Window Maximized: False
, Quality: best, Screen Number: 0, Fullscreen: False, Volume: 0, Cache: False, Window Maximized: False
, Quality: best, Screen Number: 0, Fullscreen: False, Volume: 0, Cache: False, Window Maximized: False
, Quality: best, Screen Number: 0, Fullscreen: False, Volume: 0, Cache: False, Window Maximized: False
, Quality: best, Screen Number: 0, Fullscreen: False, Volume: 0, Cache: False, Window Maximized: False
, Quality: best, Screen Number: 0, Fullscreen: False, Volume: 0, Cache: False, Window Maximized: False
, Quality: best, Screen Number: 0, Fullscreen: False, Volume: 0, Cache: False, Window Maximized: False
, Quality: best, Screen Number: 0, Fullscreen: False, Volume: 0, Cache: False, Window Maximized: False
, Quality: best, Screen Number: 0, Fullscreen: False, Volume: 0, Cache: False, Window Maximized: False
, Quality: best, Screen Number: 0, Fullscreen: False, Volume: 0, Cache: False, Window Maximized: False
, Quality: best, Screen Number: 0, Fullscreen: False, Volume: 0, Cache: False, Window Maximized: False
, Quality: best, Screen Number: 0, Fullscreen: False, Volume: 0, Cache: False, Window Maximized: False
, Quality: best, Screen Number: 0, Fullscreen: False, Volume: 0, Cache: False, Window Maximized: False
, Quality: best, Screen Number: 0, Fullscreen: False, Volume: 0, Cache: False, Window Maximized: False
, Quality: best, Screen Number: 0, Fullscreen: False, Volume: 0, Cache: False, Window Maximized: False
, Quality: best, Screen Number: 0, Fullscreen: False, Volume: 0, Cache: False, Window Maximized: False
, Quality: best, Screen Number: 0, Fullscreen: False, Volume: 0, Cache: False, Window Maximized: False
, Quality: best, Screen Number: 0, Fullscreen: False, Volume: 0, Cache: False, Window Maximized: False
, Quality: best, Screen Number: 0, Fullscreen: False, Volume: 0, Cache: False, Window Maximized: False
, Quality: best, Screen Number: 0, Fullscreen: False, Volume: 0, Cache: False, Window Maximized: False
, Quality: best, Screen Number: 0, Fullscreen: False, Volume: 0, Cache: False, Window Maximized: False
, Quality: best, Screen Number: 0, Fullscreen: False, Volume: 0, Cache: False, Window Maximized: False
, Quality: best, Screen Number: 0, Fullscreen: False, Volume: 0, Cache: False, Window Maximized: False
, Quality: best, Screen Number: 0, Fullscreen: False, Volume: 0, Cache: False, Window Maximized: False
, Quality: best, Screen Number: 0, Fullscreen: False, Volume: 0, Cache: False, Window Maximized: False
, Quality: best, Screen Number: 0, Fullscreen: False, Volume: 0, Cache: False, Window Maximized: False
, Quality: best, Screen Number: 0, Fullscreen: False, Volume: 0, Cache: False, Window Maximized: False
, Quality: best, Screen Number: 0, Fullscreen: False, Volume: 0, Cache: False, Window Maximized: False
ized: False
, Quality: best, Screen Number: 0, Fullscreen: False, Volume: 0, Cache: False, Window Maximized: False
, Quality: best, Screen Number: 0, Fullscreen: False, Volume: 0, Cache: False, Window Maximized: False
, Quality: best, Screen Number: 0, Fullscreen: False, Volume: 0, Cache: False, Window Maximized: False
, Quality: best, Screen Number: 0, Fullscreen: False, Volume: 0, Cache: False, Window Maximized: False
, Quality: best, Screen Number: 0, Fullscreen: False, Volume: 0, Cache: False, Window Maximized: False
, Quality: best, Screen Number: 0, Fullscreen: False, Volume: 0, Cache: False, Window Maximized: False
, Quality: best, Screen Number: 0, Fullscreen: False, Volume: 0, Cache: False, Window Maximized: False
, Quality: best, Screen Number: 0, Fullscreen: False, Volume: 0, Cache: False, Window Maximized: False
, Quality: best, Screen Number: 0, Fullscreen: False, Volume: 0, Cache: False, Window Maximized: False
, Quality: best, Screen Number: 0, Fullscreen: False, Volume: 0, Cache: False, Window Maximized: False
, Quality: best, Screen Number: 0, Fullscreen: False, Volume: 0, Cache: False, Window Maximized: False
, Quality: best, Screen Number: 0, Fullscreen: False, Volume: 0, Cache: False, Window Maximized: False
, Quality: best, Screen Number: 0, Fullscreen: False, Volume: 0, Cache: False, Window Maximized: False
, Quality: best, Screen Number: 0, Fullscreen: False, Volume: 0, Cache: False, Window Maximized: False
, Quality: best, Screen Number: 0, Fullscreen: False, Volume: 0, Cache: False, Window Maximized: False
, Quality: best, Screen Number: 0, Fullscreen: False, Volume: 0, Cache: False, Window Maximized: False
2024-12-15 07:27:32,316 - Could not get video info - OK: This live event has ended.
2024-12-15 07:27:43,084 - Could not get video info - OK: This live event has ended.
2024-12-15 07:27:54,710 - Could not get video info - OK: This live event has ended.
2024-12-15 07:28:03,799 - Could not get video info - OK: This live event has ended.
2024-12-15 08:12:30,308 - Could not get video info - OK: This live event has ended.
2024-12-15 08:12:52,151 - URL: https://www.youtube.com/watch?v=JWni1wJA_XQ, Quality: best, Screen Number: 1, Fullscreen: False, Volume: 0, Cache: False, Window Maximized: False
, Quality: best, Screen Number: 0, Fullscreen: False, Volume: 0, Cache: False, Window Maximized: False
, Quality: best, Screen Number: 0, Fullscreen: False, Volume: 0, Cache: False, Window Maximized: False
, Quality: best, Screen Number: 0, Fullscreen: False, Volume: 0, Cache: False, Window Maximized: False
, Quality: best, Screen Number: 0, Fullscreen: False, Volume: 0, Cache: False, Window Maximized: False
, Quality: best, Screen Number: 0, Fullscreen: False, Volume: 0, Cache: False, Window Maximized: False
, Quality: best, Screen Number: 0, Fullscreen: False, Volume: 0, Cache: False, Window Maximized: False
, Quality: best, Screen Number: 0, Fullscreen: False, Volume: 0, Cache: False, Window Maximized: False
, Quality: best, Screen Number: 0, Fullscreen: False, Volume: 0, Cache: False, Window Maximized: False
, Quality: best, Screen Number: 0, Fullscreen: False, Volume: 0, Cache: False, Window Maximized: False
, Quality: best, Screen Number: 0, Fullscreen: False, Volume: 0, Cache: False, Window Maximized: False
, Quality: best, Screen Number: 0, Fullscreen: False, Volume: 0, Cache: False, Window Maximized: False
, Quality: best, Screen Number: 0, Fullscreen: False, Volume: 0, Cache: False, Window Maximized: False
, Quality: best, Screen Number: 0, Fullscreen: False, Volume: 0, Cache: False, Window Maximized: False
, Quality: best, Screen Number: 0, Fullscreen: False, Volume: 0, Cache: False, Window Maximized: False
, Quality: best, Screen Number: 0, Fullscreen: False, Volume: 0, Cache: False, Window Maximized: False
, Quality: best, Screen Number: 0, Fullscreen: False, Volume: 0, Cache: False, Window Maximized: False
, Quality: best, Screen Number: 0, Fullscreen: False, Volume: 0, Cache: False, Window Maximized: False
, Quality: best, Screen Number: 0, Fullscreen: False, Volume: 0, Cache: False, Window Maximized: False
, Quality: best, Screen Number: 0, Fullscreen: False, Volume: 0, Cache: False, Window Maximized: False
, Quality: best, Screen Number: 0, Fullscreen: False, Volume: 0, Cache: False, Window Maximized: False
, Quality: best, Screen Number: 0, Fullscreen: False, Volume: 0, Cache: False, Window Maximized: False
, Quality: best, Screen Number: 0, Fullscreen: False, Volume: 0, Cache: False, Window Maximized: False
2024-12-17 03:53:49,686 - URL: https://www.youtube.com/watch?v=a3hxaVWCbv0, Quality: best, Screen Number: 1, Fullscreen: False, Volume: 0, Cache: False, Window Maximized: False
, Quality: best, Screen Number: 0, Fullscreen: False, Volume: 0, Cache: False, Window Maximized: False
, Quality: best, Screen Number: 0, Fullscreen: False, Volume: 0, Cache: False, Window Maximized: False
, Quality: best, Screen Number: 0, Fullscreen: False, Volume: 0, Cache: False, Window Maximized: False
, Quality: best, Screen Number: 0, Fullscreen: False, Volume: 0, Cache: False, Window Maximized: False
, Quality: best, Screen Number: 0, Fullscreen: False, Volume: 0, Cache: False, Window Maximized: False
, Quality: best, Screen Number: 0, Fullscreen: False, Volume: 0, Cache: False, Window Maximized: False
, Quality: best, Screen Number: 0, Fullscreen: False, Volume: 0, Cache: False, Window Maximized: False
, Quality: best, Screen Number: 0, Fullscreen: False, Volume: 0, Cache: False, Window Maximized: False
, Quality: best, Screen Number: 0, Fullscreen: False, Volume: 0, Cache: False, Window Maximized: False
, Quality: best, Screen Number: 0, Fullscreen: False, Volume: 0, Cache: False, Window Maximized: False
, Quality: best, Screen Number: 0, Fullscreen: False, Volume: 0, Cache: False, Window Maximized: False
, Quality: best, Screen Number: 0, Fullscreen: False, Volume: 0, Cache: False, Window Maximized: False
, Quality: best, Screen Number: 0, Fullscreen: False, Volume: 0, Cache: False, Window Maximized: False
, Quality: best, Screen Number: 0, Fullscreen: False, Volume: 0, Cache: False, Window Maximized: False
, Quality: best, Screen Number: 0, Fullscreen: False, Volume: 0, Cache: False, Window Maximized: False
, Quality: best, Screen Number: 0, Fullscreen: False, Volume: 0, Cache: False, Window Maximized: False
, Quality: best, Screen Number: 0, Fullscreen: False, Volume: 0, Cache: False, Window Maximized: False
, Quality: best, Screen Number: 0, Fullscreen: False, Volume: 0, Cache: False, Window Maximized: False
, Quality: best, Screen Number: 0, Fullscreen: False, Volume: 0, Cache: False, Window Maximized: False
, Quality: best, Screen Number: 0, Fullscreen: False, Volume: 0, Cache: False, Window Maximized: False
, Quality: best, Screen Number: 0, Fullscreen: False, Volume: 0, Cache: False, Window Maximized: False
, Quality: best, Screen Number: 0, Fullscreen: False, Volume: 0, Cache: False, Window Maximized: False
, Quality: best, Screen Number: 0, Fullscreen: False, Volume: 0, Cache: False, Window Maximized: False
, Quality: best, Screen Number: 0, Fullscreen: False, Volume: 0, Cache: False, Window Maximized: False
, Quality: best, Screen Number: 0, Fullscreen: False, Volume: 0, Cache: False, Window Maximized: False
, Quality: best, Screen Number: 0, Fullscreen: False, Volume: 0, Cache: False, Window Maximized: False
, Quality: best, Screen Number: 0, Fullscreen: False, Volume: 0, Cache: False, Window Maximized: False
, Quality: best, Screen Number: 0, Fullscreen: False, Volume: 0, Cache: False, Window Maximized: False
, Quality: best, Screen Number: 0, Fullscreen: False, Volume: 0, Cache: False, Window Maximized: False
, Quality: best, Screen Number: 0, Fullscreen: False, Volume: 0, Cache: False, Window Maximized: False
, Quality: best, Screen Number: 0, Fullscreen: False, Volume: 0, Cache: False, Window Maximized: False
, Quality: best, Screen Number: 0, Fullscreen: False, Volume: 0, Cache: False, Window Maximized: False
, Quality: best, Screen Number: 0, Fullscreen: False, Volume: 0, Cache: False, Window Maximized: False
, Quality: best, Screen Number: 0, Fullscreen: False, Volume: 0, Cache: False, Window Maximized: False
, Quality: best, Screen Number: 0, Fullscreen: False, Volume: 0, Cache: False, Window Maximized: False
, Quality: best, Screen Number: 0, Fullscreen: False, Volume: 0, Cache: False, Window Maximized: False
, Quality: best, Screen Number: 0, Fullscreen: False, Volume: 0, Cache: False, Window Maximized: False
, Quality: best, Screen Number: 0, Fullscreen: False, Volume: 0, Cache: False, Window Maximized: False
, Quality: best, Screen Number: 0, Fullscreen: False, Volume: 0, Cache: False, Window Maximized: False
, Quality: best, Screen Number: 0, Fullscreen: False, Volume: 0, Cache: False, Window Maximized: False
, Quality: best, Screen Number: 0, Fullscreen: False, Volume: 0, Cache: False, Window Maximized: False
, Quality: best, Screen Number: 0, Fullscreen: False, Volume: 0, Cache: False, Window Maximized: False
, Quality: best, Screen Number: 0, Fullscreen: False, Volume: 0, Cache: False, Window Maximized: False
, Quality: best, Screen Number: 0, Fullscreen: False, Volume: 0, Cache: False, Window Maximized: False
, Quality: best, Screen Number: 0, Fullscreen: False, Volume: 0, Cache: False, Window Maximized: False
, Quality: best, Screen Number: 0, Fullscreen: False, Volume: 0, Cache: False, Window Maximized: False
, Quality: best, Screen Number: 0, Fullscreen: False, Volume: 0, Cache: False, Window Maximized: False
, Quality: best, Screen Number: 0, Fullscreen: False, Volume: 0, Cache: False, Window Maximized: False
, Quality: best, Screen Number: 0, Fullscreen: False, Volume: 0, Cache: False, Window Maximized: False
, Quality: best, Screen Number: 0, Fullscreen: False, Volume: 0, Cache: False, Window Maximized: False
, Quality: best, Screen Number: 0, Fullscreen: False, Volume: 0, Cache: False, Window Maximized: False
, Quality: best, Screen Number: 0, Fullscreen: False, Volume: 0, Cache: False, Window Maximized: False
, Quality: best, Screen Number: 0, Fullscreen: False, Volume: 0, Cache: False, Window Maximized: False
, Quality: best, Screen Number: 0, Fullscreen: False, Volume: 0, Cache: False, Window Maximized: False
, Quality: best, Screen Number: 0, Fullscreen: False, Volume: 0, Cache: False, Window Maximized: False
, Quality: best, Screen Number: 0, Fullscreen: False, Volume: 0, Cache: False, Window Maximized: False
, Quality: best, Screen Number: 0, Fullscreen: False, Volume: 0, Cache: False, Window Maximized: False
, Quality: best, Screen Number: 0, Fullscreen: False, Volume: 0, Cache: False, Window Maximized: False
, Quality: best, Screen Number: 0, Fullscreen: False, Volume: 0, Cache: False, Window Maximized: False
, Quality: best, Screen Number: 0, Fullscreen: False, Volume: 0, Cache: False, Window Maximized: False
, Quality: best, Screen Number: 0, Fullscreen: False, Volume: 0, Cache: False, Window Maximized: False
, Quality: best, Screen Number: 0, Fullscreen: False, Volume: 0, Cache: False, Window Maximized: False
, Quality: best, Screen Number: 0, Fullscreen: False, Volume: 0, Cache: False, Window Maximized: False
, Quality: best, Screen Number: 0, Fullscreen: False, Volume: 0, Cache: False, Window Maximized: False
, Quality: best, Screen Number: 0, Fullscreen: False, Volume: 0, Cache: False, Window Maximized: False
, Quality: best, Screen Number: 0, Fullscreen: False, Volume: 0, Cache: False, Window Maximized: False
, Quality: best, Screen Number: 0, Fullscreen: False, Volume: 0, Cache: False, Window Maximized: False
, Quality: best, Screen Number: 0, Fullscreen: False, Volume: 0, Cache: False, Window Maximized: False
, Quality: best, Screen Number: 0, Fullscreen: False, Volume: 0, Cache: False, Window Maximized: False
, Quality: best, Screen Number: 0, Fullscreen: False, Volume: 0, Cache: False, Window Maximized: False
, Quality: best, Screen Number: 0, Fullscreen: False, Volume: 0, Cache: False, Window Maximized: False
, Quality: best, Screen Number: 0, Fullscreen: False, Volume: 0, Cache: False, Window Maximized: False
, Quality: best, Screen Number: 0, Fullscreen: False, Volume: 0, Cache: False, Window Maximized: False
, Quality: best, Screen Number: 0, Fullscreen: False, Volume: 0, Cache: False, Window Maximized: False
, Quality: best, Screen Number: 0, Fullscreen: False, Volume: 0, Cache: False, Window Maximized: False
, Quality: best, Screen Number: 0, Fullscreen: False, Volume: 0, Cache: False, Window Maximized: False
, Quality: best, Screen Number: 0, Fullscreen: False, Volume: 0, Cache: False, Window Maximized: False
, Quality: best, Screen Number: 0, Fullscreen: False, Volume: 0, Cache: False, Window Maximized: False
, Quality: best, Screen Number: 0, Fullscreen: False, Volume: 0, Cache: False, Window Maximized: False
, Quality: best, Screen Number: 0, Fullscreen: False, Volume: 0, Cache: False, Window Maximized: False
, Quality: best, Screen Number: 0, Fullscreen: False, Volume: 0, Cache: False, Window Maximized: False
, Quality: best, Screen Number: 0, Fullscreen: False, Volume: 0, Cache: False, Window Maximized: False
, Quality: best, Screen Number: 0, Fullscreen: False, Volume: 0, Cache: False, Window Maximized: False
, Quality: best, Screen Number: 0, Fullscreen: False, Volume: 0, Cache: False, Window Maximized: False
, Quality: best, Screen Number: 0, Fullscreen: False, Volume: 0, Cache: False, Window Maximized: False
, Quality: best, Screen Number: 0, Fullscreen: False, Volume: 0, Cache: False, Window Maximized: False
, Quality: best, Screen Number: 0, Fullscreen: False, Volume: 0, Cache: False, Window Maximized: False
, Quality: best, Screen Number: 0, Fullscreen: False, Volume: 0, Cache: False, Window Maximized: False
, Quality: best, Screen Number: 0, Fullscreen: False, Volume: 0, Cache: False, Window Maximized: False
, Quality: best, Screen Number: 0, Fullscreen: False, Volume: 0, Cache: False, Window Maximized: False
, Quality: best, Screen Number: 0, Fullscreen: False, Volume: 0, Cache: False, Window Maximized: False
, Quality: best, Screen Number: 0, Fullscreen: False, Volume: 0, Cache: False, Window Maximized: False
, Quality: best, Screen Number: 0, Fullscreen: False, Volume: 0, Cache: False, Window Maximized: False
, Quality: best, Screen Number: 0, Fullscreen: False, Volume: 0, Cache: False, Window Maximized: False
, Quality: best, Screen Number: 0, Fullscreen: False, Volume: 0, Cache: False, Window Maximized: False
, Quality: best, Screen Number: 0, Fullscreen: False, Volume: 0, Cache: False, Window Maximized: False
, Quality: best, Screen Number: 0, Fullscreen: False, Volume: 0, Cache: False, Window Maximized: False
, Quality: best, Screen Number: 0, Fullscreen: False, Volume: 0, Cache: False, Window Maximized: False
, Quality: best, Screen Number: 0, Fullscreen: False, Volume: 0, Cache: False, Window Maximized: False
, Quality: best, Screen Number: 0, Fullscreen: False, Volume: 0, Cache: False, Window Maximized: False
, Quality: best, Screen Number: 0, Fullscreen: False, Volume: 0, Cache: False, Window Maximized: False
, Quality: best, Screen Number: 0, Fullscreen: False, Volume: 0, Cache: False, Window Maximized: False
, Quality: best, Screen Number: 0, Fullscreen: False, Volume: 0, Cache: False, Window Maximized: False
, Quality: best, Screen Number: 0, Fullscreen: False, Volume: 0, Cache: False, Window Maximized: False
, Quality: best, Screen Number: 0, Fullscreen: False, Volume: 0, Cache: False, Window Maximized: False
, Quality: best, Screen Number: 0, Fullscreen: False, Volume: 0, Cache: False, Window Maximized: False
, Quality: best, Screen Number: 0, Fullscreen: False, Volume: 0, Cache: False, Window Maximized: False
, Quality: best, Screen Number: 0, Fullscreen: False, Volume: 0, Cache: False, Window Maximized: False
, Quality: best, Screen Number: 0, Fullscreen: False, Volume: 0, Cache: False, Window Maximized: False
, Quality: best, Screen Number: 0, Fullscreen: False, Volume: 0, Cache: False, Window Maximized: False
, Quality: best, Screen Number: 0, Fullscreen: False, Volume: 0, Cache: False, Window Maximized: False
, Quality: best, Screen Number: 0, Fullscreen: False, Volume: 0, Cache: False, Window Maximized: False
, Quality: best, Screen Number: 0, Fullscreen: False, Volume: 0, Cache: False, Window Maximized: False
, Quality: best, Screen Number: 0, Fullscreen: False, Volume: 0, Cache: False, Window Maximized: False
, Quality: best, Screen Number: 0, Fullscreen: False, Volume: 0, Cache: False, Window Maximized: False
, Quality: best, Screen Number: 0, Fullscreen: False, Volume: 0, Cache: False, Window Maximized: False
, Quality: best, Screen Number: 0, Fullscreen: False, Volume: 0, Cache: False, Window Maximized: False
, Quality: best, Screen Number: 0, Fullscreen: False, Volume: 0, Cache: False, Window Maximized: False
, Quality: best, Screen Number: 0, Fullscreen: False, Volume: 0, Cache: False, Window Maximized: False
, Quality: best, Screen Number: 0, Fullscreen: False, Volume: 0, Cache: False, Window Maximized: False
, Quality: best, Screen Number: 0, Fullscreen: False, Volume: 0, Cache: False, Window Maximized: False
, Quality: best, Screen Number: 0, Fullscreen: False, Volume: 0, Cache: False, Window Maximized: False
, Quality: best, Screen Number: 0, Fullscreen: False, Volume: 0, Cache: False, Window Maximized: False
, Quality: best, Screen Number: 0, Fullscreen: False, Volume: 0, Cache: False, Window Maximized: False
, Quality: best, Screen Number: 0, Fullscreen: False, Volume: 0, Cache: False, Window Maximized: False
, Quality: best, Screen Number: 0, Fullscreen: False, Volume: 0, Cache: False, Window Maximized: False
, Quality: best, Screen Number: 0, Fullscreen: False, Volume: 0, Cache: False, Window Maximized: False
, Quality: best, Screen Number: 0, Fullscreen: False, Volume: 0, Cache: False, Window Maximized: False
, Quality: best, Screen Number: 0, Fullscreen: False, Volume: 0, Cache: False, Window Maximized: False
, Quality: best, Screen Number: 0, Fullscreen: False, Volume: 0, Cache: False, Window Maximized: False
, Quality: best, Screen Number: 0, Fullscreen: False, Volume: 0, Cache: False, Window Maximized: False
, Quality: best, Screen Number: 0, Fullscreen: False, Volume: 0, Cache: False, Window Maximized: False
, Quality: best, Screen Number: 0, Fullscreen: False, Volume: 0, Cache: False, Window Maximized: False
, Quality: best, Screen Number: 0, Fullscreen: False, Volume: 0, Cache: False, Window Maximized: False
, Quality: best, Screen Number: 0, Fullscreen: False, Volume: 0, Cache: False, Window Maximized: False
, Quality: best, Screen Number: 0, Fullscreen: False, Volume: 0, Cache: False, Window Maximized: False
, Quality: best, Screen Number: 0, Fullscreen: False, Volume: 0, Cache: False, Window Maximized: False
, Quality: best, Screen Number: 0, Fullscreen: False, Volume: 0, Cache: False, Window Maximized: False
, Quality: best, Screen Number: 0, Fullscreen: False, Volume: 0, Cache: False, Window Maximized: False
, Quality: best, Screen Number: 0, Fullscreen: False, Volume: 0, Cache: False, Window Maximized: False
, Quality: best, Screen Number: 0, Fullscreen: False, Volume: 0, Cache: False, Window Maximized: False
, Quality: best, Screen Number: 0, Fullscreen: False, Volume: 0, Cache: False, Window Maximized: False
, Quality: best, Screen Number: 0, Fullscreen: False, Volume: 0, Cache: False, Window Maximized: False
, Quality: best, Screen Number: 0, Fullscreen: False, Volume: 0, Cache: False, Window Maximized: False
, Quality: best, Screen Number: 0, Fullscreen: False, Volume: 0, Cache: False, Window Maximized: False
, Quality: best, Screen Number: 0, Fullscreen: False, Volume: 0, Cache: False, Window Maximized: False
, Quality: best, Screen Number: 0, Fullscreen: False, Volume: 0, Cache: False, Window Maximized: False
, Quality: best, Screen Number: 0, Fullscreen: False, Volume: 0, Cache: False, Window Maximized: False
, Quality: best, Screen Number: 0, Fullscreen: False, Volume: 0, Cache: False, Window Maximized: False
, Quality: best, Screen Number: 0, Fullscreen: False, Volume: 0, Cache: False, Window Maximized: False
, Quality: best, Screen Number: 0, Fullscreen: False, Volume: 0, Cache: False, Window Maximized: False
, Quality: best, Screen Number: 0, Fullscreen: False, Volume: 0, Cache: False, Window Maximized: False
, Quality: best, Screen Number: 0, Fullscreen: False, Volume: 0, Cache: False, Window Maximized: False
, Quality: best, Screen Number: 0, Fullscreen: False, Volume: 0, Cache: False, Window Maximized: False
, Quality: best, Screen Number: 0, Fullscreen: False, Volume: 0, Cache: False, Window Maximized: False
, Quality: best, Screen Number: 0, Fullscreen: False, Volume: 0, Cache: False, Window Maximized: False
, Quality: best, Screen Number: 0, Fullscreen: False, Volume: 0, Cache: False, Window Maximized: False
, Quality: best, Screen Number: 0, Fullscreen: False, Volume: 0, Cache: False, Window Maximized: False
, Quality: best, Screen Number: 0, Fullscreen: False, Volume: 0, Cache: False, Window Maximized: False
, Quality: best, Screen Number: 0, Fullscreen: False, Volume: 0, Cache: False, Window Maximized: False
, Quality: best, Screen Number: 0, Fullscreen: False, Volume: 0, Cache: False, Window Maximized: False
, Quality: best, Screen Number: 0, Fullscreen: False, Volume: 0, Cache: False, Window Maximized: False
, Quality: best, Screen Number: 0, Fullscreen: False, Volume: 0, Cache: False, Window Maximized: False
, Quality: best, Screen Number: 0, Fullscreen: False, Volume: 0, Cache: False, Window Maximized: False
, Quality: best, Screen Number: 0, Fullscreen: False, Volume: 0, Cache: False, Window Maximized: False
, Quality: best, Screen Number: 0, Fullscreen: False, Volume: 0, Cache: False, Window Maximized: False
, Quality: best, Screen Number: 0, Fullscreen: False, Volume: 0, Cache: False, Window Maximized: False
, Quality: best, Screen Number: 0, Fullscreen: False, Volume: 0, Cache: False, Window Maximized: False
, Quality: best, Screen Number: 0, Fullscreen: False, Volume: 0, Cache: False, Window Maximized: False
, Quality: best, Screen Number: 0, Fullscreen: False, Volume: 0, Cache: False, Window Maximized: False
, Quality: best, Screen Number: 0, Fullscreen: False, Volume: 0, Cache: False, Window Maximized: False
, Quality: best, Screen Number: 0, Fullscreen: False, Volume: 0, Cache: False, Window Maximized: False
, Quality: best, Screen Number: 0, Fullscreen: False, Volume: 0, Cache: False, Window Maximized: False
, Quality: best, Screen Number: 0, Fullscreen: False, Volume: 0, Cache: False, Window Maximized: False
, Quality: best, Screen Number: 0, Fullscreen: False, Volume: 0, Cache: False, Window Maximized: False
, Quality: best, Screen Number: 0, Fullscreen: False, Volume: 0, Cache: False, Window Maximized: False
, Quality: best, Screen Number: 0, Fullscreen: False, Volume: 0, Cache: False, Window Maximized: False
, Quality: best, Screen Number: 0, Fullscreen: False, Volume: 0, Cache: False, Window Maximized: False
, Quality: best, Screen Number: 0, Fullscreen: False, Volume: 0, Cache: False, Window Maximized: False
, Quality: best, Screen Number: 0, Fullscreen: False, Volume: 0, Cache: False, Window Maximized: False
, Quality: best, Screen Number: 0, Fullscreen: False, Volume: 0, Cache: False, Window Maximized: False
, Quality: best, Screen Number: 0, Fullscreen: False, Volume: 0, Cache: False, Window Maximized: False
, Quality: best, Screen Number: 0, Fullscreen: False, Volume: 0, Cache: False, Window Maximized: False
, Quality: best, Screen Number: 0, Fullscreen: False, Volume: 0, Cache: False, Window Maximized: False
, Quality: best, Screen Number: 0, Fullscreen: False, Volume: 0, Cache: False, Window Maximized: False
, Quality: best, Screen Number: 0, Fullscreen: False, Volume: 0, Cache: False, Window Maximized: False
, Quality: best, Screen Number: 0, Fullscreen: False, Volume: 0, Cache: False, Window Maximized: False
, Quality: best, Screen Number: 0, Fullscreen: False, Volume: 0, Cache: False, Window Maximized: False
, Quality: best, Screen Number: 0, Fullscreen: False, Volume: 0, Cache: False, Window Maximized: False
, Quality: best, Screen Number: 0, Fullscreen: False, Volume: 0, Cache: False, Window Maximized: False
, Quality: best, Screen Number: 0, Fullscreen: False, Volume: 0, Cache: False, Window Maximized: False
, Quality: best, Screen Number: 0, Fullscreen: False, Volume: 0, Cache: False, Window Maximized: False
, Quality: best, Screen Number: 0, Fullscreen: False, Volume: 0, Cache: False, Window Maximized: False
, Quality: best, Screen Number: 0, Fullscreen: False, Volume: 0, Cache: False, Window Maximized: False
, Quality: best, Screen Number: 0, Fullscreen: False, Volume: 0, Cache: False, Window Maximized: False
, Quality: best, Screen Number: 0, Fullscreen: False, Volume: 0, Cache: False, Window Maximized: False
, Quality: best, Screen Number: 0, Fullscreen: False, Volume: 0, Cache: False, Window Maximized: False
, Quality: best, Screen Number: 0, Fullscreen: False, Volume: 0, Cache: False, Window Maximized: False
, Quality: best, Screen Number: 0, Fullscreen: False, Volume: 0, Cache: False, Window Maximized: False
, Quality: best, Screen Number: 0, Fullscreen: False, Volume: 0, Cache: False, Window Maximized: False
, Quality: best, Screen Number: 0, Fullscreen: False, Volume: 0, Cache: False, Window Maximized: False
, Quality: best, Screen Number: 0, Fullscreen: False, Volume: 0, Cache: False, Window Maximized: False
, Quality: best, Screen Number: 0, Fullscreen: False, Volume: 0, Cache: False, Window Maximized: False
, Quality: best, Screen Number: 0, Fullscreen: False, Volume: 0, Cache: False, Window Maximized: False
, Quality: best, Screen Number: 0, Fullscreen: False, Volume: 0, Cache: False, Window Maximized: False
, Quality: best, Screen Number: 0, Fullscreen: False, Volume: 0, Cache: False, Window Maximized: False
, Quality: best, Screen Number: 0, Fullscreen: False, Volume: 0, Cache: False, Window Maximized: False
, Quality: best, Screen Number: 0, Fullscreen: False, Volume: 0, Cache: False, Window Maximized: False
, Quality: best, Screen Number: 0, Fullscreen: False, Volume: 0, Cache: False, Window Maximized: False
, Quality: best, Screen Number: 0, Fullscreen: False, Volume: 0, Cache: False, Window Maximized: False
, Quality: best, Screen Number: 0, Fullscreen: False, Volume: 0, Cache: False, Window Maximized: False
, Quality: best, Screen Number: 0, Fullscreen: False, Volume: 0, Cache: False, Window Maximized: False
, Quality: best, Screen Number: 0, Fullscreen: False, Volume: 0, Cache: False, Window Maximized: False
, Quality: best, Screen Number: 0, Fullscreen: False, Volume: 0, Cache: False, Window Maximized: False
, Quality: best, Screen Number: 0, Fullscreen: False, Volume: 0, Cache: False, Window Maximized: False
, Quality: best, Screen Number: 0, Fullscreen: False, Volume: 0, Cache: False, Window Maximized: False
, Quality: best, Screen Number: 0, Fullscreen: False, Volume: 0, Cache: False, Window Maximized: False
, Quality: best, Screen Number: 0, Fullscreen: False, Volume: 0, Cache: False, Window Maximized: False
, Quality: best, Screen Number: 0, Fullscreen: False, Volume: 0, Cache: False, Window Maximized: False
, Quality: best, Screen Number: 0, Fullscreen: False, Volume: 0, Cache: False, Window Maximized: False
, Quality: best, Screen Number: 0, Fullscreen: False, Volume: 0, Cache: False, Window Maximized: False
, Quality: best, Screen Number: 0, Fullscreen: False, Volume: 0, Cache: False, Window Maximized: False
, Quality: best, Screen Number: 0, Fullscreen: False, Volume: 0, Cache: False, Window Maximized: False
, Quality: best, Screen Number: 0, Fullscreen: False, Volume: 0, Cache: False, Window Maximized: False
, Quality: best, Screen Number: 0, Fullscreen: False, Volume: 0, Cache: False, Window Maximized: False
, Quality: best, Screen Number: 0, Fullscreen: False, Volume: 0, Cache: False, Window Maximized: False
, Quality: best, Screen Number: 0, Fullscreen: False, Volume: 0, Cache: False, Window Maximized: False
, Quality: best, Screen Number: 0, Fullscreen: False, Volume: 0, Cache: False, Window Maximized: False
, Quality: best, Screen Number: 0, Fullscreen: False, Volume: 0, Cache: False, Window Maximized: False
, Quality: best, Screen Number: 0, Fullscreen: False, Volume: 0, Cache: False, Window Maximized: False
, Quality: best, Screen Number: 0, Fullscreen: False, Volume: 0, Cache: False, Window Maximized: False
, Quality: best, Screen Number: 0, Fullscreen: False, Volume: 0, Cache: False, Window Maximized: False
, Quality: best, Screen Number: 0, Fullscreen: False, Volume: 0, Cache: False, Window Maximized: False
, Quality: best, Screen Number: 0, Fullscreen: False, Volume: 0, Cache: False, Window Maximized: False
, Quality: best, Screen Number: 0, Fullscreen: False, Volume: 0, Cache: False, Window Maximized: False
, Quality: best, Screen Number: 0, Fullscreen: False, Volume: 0, Cache: False, Window Maximized: False
, Quality: best, Screen Number: 0, Fullscreen: False, Volume: 0, Cache: False, Window Maximized: False
, Quality: best, Screen Number: 0, Fullscreen: False, Volume: 0, Cache: False, Window Maximized: False
, Quality: best, Screen Number: 0, Fullscreen: False, Volume: 0, Cache: False, Window Maximized: False
, Quality: best, Screen Number: 0, Fullscreen: False, Volume: 0, Cache: False, Window Maximized: False
, Quality: best, Screen Number: 0, Fullscreen: False, Volume: 0, Cache: False, Window Maximized: False
, Quality: best, Screen Number: 0, Fullscreen: False, Volume: 0, Cache: False, Window Maximized: False
, Quality: best, Screen Number: 0, Fullscreen: False, Volume: 0, Cache: False, Window Maximized: False
2024-12-17 17:33:33,717 - URL: https://www.youtube.com/watch?v=gH6vhp06VwI, Quality: best, Screen Number: 1, Fullscreen: False, Volume: 0, Cache: False, Window Maximized: False
, Quality: best, Screen Number: 0, Fullscreen: False, Volume: 0, Cache: False, Window Maximized: False
, Quality: best, Screen Number: 0, Fullscreen: False, Volume: 0, Cache: False, Window Maximized: False
, Quality: best, Screen Number: 0, Fullscreen: False, Volume: 0, Cache: False, Window Maximized: False
, Quality: best, Screen Number: 0, Fullscreen: False, Volume: 0, Cache: False, Window Maximized: False
, Quality: best, Screen Number: 0, Fullscreen: False, Volume: 0, Cache: False, Window Maximized: False
, Quality: best, Screen Number: 0, Fullscreen: False, Volume: 0, Cache: False, Window Maximized: False
, Quality: best, Screen Number: 0, Fullscreen: False, Volume: 0, Cache: False, Window Maximized: False
, Quality: best, Screen Number: 0, Fullscreen: False, Volume: 0, Cache: False, Window Maximized: False
, Quality: best, Screen Number: 0, Fullscreen: False, Volume: 0, Cache: False, Window Maximized: False
, Quality: best, Screen Number: 0, Fullscreen: False, Volume: 0, Cache: False, Window Maximized: False
, Quality: best, Screen Number: 0, Fullscreen: False, Volume: 0, Cache: False, Window Maximized: False
, Quality: best, Screen Number: 0, Fullscreen: False, Volume: 0, Cache: False, Window Maximized: False
, Quality: best, Screen Number: 0, Fullscreen: False, Volume: 0, Cache: False, Window Maximized: False
, Quality: best, Screen Number: 0, Fullscreen: False, Volume: 0, Cache: False, Window Maximized: False
, Quality: best, Screen Number: 0, Fullscreen: False, Volume: 0, Cache: False, Window Maximized: False
, Quality: best, Screen Number: 0, Fullscreen: False, Volume: 0, Cache: False, Window Maximized: False
, Quality: best, Screen Number: 0, Fullscreen: False, Volume: 0, Cache: False, Window Maximized: False
, Quality: best, Screen Number: 0, Fullscreen: False, Volume: 0, Cache: False, Window Maximized: False
, Quality: best, Screen Number: 0, Fullscreen: False, Volume: 0, Cache: False, Window Maximized: False
, Quality: best, Screen Number: 0, Fullscreen: False, Volume: 0, Cache: False, Window Maximized: False
, Quality: best, Screen Number: 0, Fullscreen: False, Volume: 0, Cache: False, Window Maximized: False
, Quality: best, Screen Number: 0, Fullscreen: False, Volume: 0, Cache: False, Window Maximized: False
, Quality: best, Screen Number: 0, Fullscreen: False, Volume: 0, Cache: False, Window Maximized: False
, Quality: best, Screen Number: 0, Fullscreen: False, Volume: 0, Cache: False, Window Maximized: False
, Quality: best, Screen Number: 0, Fullscreen: False, Volume: 0, Cache: False, Window Maximized: False
, Quality: best, Screen Number: 0, Fullscreen: False, Volume: 0, Cache: False, Window Maximized: False
, Quality: best, Screen Number: 0, Fullscreen: False, Volume: 0, Cache: False, Window Maximized: False
, Quality: best, Screen Number: 0, Fullscreen: False, Volume: 0, Cache: False, Window Maximized: False
, Quality: best, Screen Number: 0, Fullscreen: False, Volume: 0, Cache: False, Window Maximized: False
, Quality: best, Screen Number: 0, Fullscreen: False, Volume: 0, Cache: False, Window Maximized: False
, Quality: best, Screen Number: 0, Fullscreen: False, Volume: 0, Cache: False, Window Maximized: False
, Quality: best, Screen Number: 0, Fullscreen: False, Volume: 0, Cache: False, Window Maximized: False
, Quality: best, Screen Number: 0, Fullscreen: False, Volume: 0, Cache: False, Window Maximized: False
, Quality: best, Screen Number: 0, Fullscreen: False, Volume: 0, Cache: False, Window Maximized: False
, Quality: best, Screen Number: 0, Fullscreen: False, Volume: 0, Cache: False, Window Maximized: False
, Quality: best, Screen Number: 0, Fullscreen: False, Volume: 0, Cache: False, Window Maximized: False
, Quality: best, Screen Number: 0, Fullscreen: False, Volume: 0, Cache: False, Window Maximized: False
, Quality: best, Screen Number: 0, Fullscreen: False, Volume: 0, Cache: False, Window Maximized: False
, Quality: best, Screen Number: 0, Fullscreen: False, Volume: 0, Cache: False, Window Maximized: False
, Quality: best, Screen Number: 0, Fullscreen: False, Volume: 0, Cache: False, Window Maximized: False
, Quality: best, Screen Number: 0, Fullscreen: False, Volume: 0, Cache: False, Window Maximized: False
, Quality: best, Screen Number: 0, Fullscreen: False, Volume: 0, Cache: False, Window Maximized: False
, Quality: best, Screen Number: 0, Fullscreen: False, Volume: 0, Cache: False, Window Maximized: False
, Quality: best, Screen Number: 0, Fullscreen: False, Volume: 0, Cache: False, Window Maximized: False
, Quality: best, Screen Number: 0, Fullscreen: False, Volume: 0, Cache: False, Window Maximized: False
, Quality: best, Screen Number: 0, Fullscreen: False, Volume: 0, Cache: False, Window Maximized: False
, Quality: best, Screen Number: 0, Fullscreen: False, Volume: 0, Cache: False, Window Maximized: False
, Quality: best, Screen Number: 0, Fullscreen: False, Volume: 0, Cache: False, Window Maximized: False
, Quality: best, Screen Number: 0, Fullscreen: False, Volume: 0, Cache: False, Window Maximized: False
, Quality: best, Screen Number: 0, Fullscreen: False, Volume: 0, Cache: False, Window Maximized: False
, Quality: best, Screen Number: 0, Fullscreen: False, Volume: 0, Cache: False, Window Maximized: False
, Quality: best, Screen Number: 0, Fullscreen: False, Volume: 0, Cache: False, Window Maximized: False
, Quality: best, Screen Number: 0, Fullscreen: False, Volume: 0, Cache: False, Window Maximized: False
, Quality: best, Screen Number: 0, Fullscreen: False, Volume: 0, Cache: False, Window Maximized: False
, Quality: best, Screen Number: 0, Fullscreen: False, Volume: 0, Cache: False, Window Maximized: False
, Quality: best, Screen Number: 0, Fullscreen: False, Volume: 0, Cache: False, Window Maximized: False
, Quality: best, Screen Number: 0, Fullscreen: False, Volume: 0, Cache: False, Window Maximized: False
, Quality: best, Screen Number: 0, Fullscreen: False, Volume: 0, Cache: False, Window Maximized: False
, Quality: best, Screen Number: 0, Fullscreen: False, Volume: 0, Cache: False, Window Maximized: False
, Quality: best, Screen Number: 0, Fullscreen: False, Volume: 0, Cache: False, Window Maximized: False
, Quality: best, Screen Number: 0, Fullscreen: False, Volume: 0, Cache: False, Window Maximized: False
, Quality: best, Screen Number: 0, Fullscreen: False, Volume: 0, Cache: False, Window Maximized: False
, Quality: best, Screen Number: 0, Fullscreen: False, Volume: 0, Cache: False, Window Maximized: False
, Quality: best, Screen Number: 0, Fullscreen: False, Volume: 0, Cache: False, Window Maximized: False
, Quality: best, Screen Number: 0, Fullscreen: False, Volume: 0, Cache: False, Window Maximized: False
, Quality: best, Screen Number: 0, Fullscreen: False, Volume: 0, Cache: False, Window Maximized: False
, Quality: best, Screen Number: 0, Fullscreen: False, Volume: 0, Cache: False, Window Maximized: False
, Quality: best, Screen Number: 0, Fullscreen: False, Volume: 0, Cache: False, Window Maximized: False
, Quality: best, Screen Number: 0, Fullscreen: False, Volume: 0, Cache: False, Window Maximized: False
, Quality: best, Screen Number: 0, Fullscreen: False, Volume: 0, Cache: False, Window Maximized: False
, Quality: best, Screen Number: 0, Fullscreen: False, Volume: 0, Cache: False, Window Maximized: False
, Quality: best, Screen Number: 0, Fullscreen: False, Volume: 0, Cache: False, Window Maximized: False
, Quality: best, Screen Number: 0, Fullscreen: False, Volume: 0, Cache: False, Window Maximized: False
, Quality: best, Screen Number: 0, Fullscreen: False, Volume: 0, Cache: False, Window Maximized: False
, Quality: best, Screen Number: 0, Fullscreen: False, Volume: 0, Cache: False, Window Maximized: False
, Quality: best, Screen Number: 0, Fullscreen: False, Volume: 0, Cache: False, Window Maximized: False
, Quality: best, Screen Number: 0, Fullscreen: False, Volume: 0, Cache: False, Window Maximized: False
, Quality: best, Screen Number: 0, Fullscreen: False, Volume: 0, Cache: False, Window Maximized: False
, Quality: best, Screen Number: 0, Fullscreen: False, Volume: 0, Cache: False, Window Maximized: False
, Quality: best, Screen Number: 0, Fullscreen: False, Volume: 0, Cache: False, Window Maximized: False
, Quality: best, Screen Number: 0, Fullscreen: False, Volume: 0, Cache: False, Window Maximized: False
, Quality: best, Screen Number: 0, Fullscreen: False, Volume: 0, Cache: False, Window Maximized: False
, Quality: best, Screen Number: 0, Fullscreen: False, Volume: 0, Cache: False, Window Maximized: False
, Quality: best, Screen Number: 0, Fullscreen: False, Volume: 0, Cache: False, Window Maximized: False
, Quality: best, Screen Number: 0, Fullscreen: False, Volume: 0, Cache: False, Window Maximized: False
, Quality: best, Screen Number: 0, Fullscreen: False, Volume: 0, Cache: False, Window Maximized: False
, Quality: best, Screen Number: 0, Fullscreen: False, Volume: 0, Cache: False, Window Maximized: False
, Quality: best, Screen Number: 0, Fullscreen: False, Volume: 0, Cache: False, Window Maximized: False
, Quality: best, Screen Number: 0, Fullscreen: False, Volume: 0, Cache: False, Window Maximized: False
, Quality: best, Screen Number: 0, Fullscreen: False, Volume: 0, Cache: False, Window Maximized: False
, Quality: best, Screen Number: 0, Fullscreen: False, Volume: 0, Cache: False, Window Maximized: False
, Quality: best, Screen Number: 0, Fullscreen: False, Volume: 0, Cache: False, Window Maximized: False
, Quality: best, Screen Number: 0, Fullscreen: False, Volume: 0, Cache: False, Window Maximized: False
, Quality: best, Screen Number: 0, Fullscreen: False, Volume: 0, Cache: False, Window Maximized: False
, Quality: best, Screen Number: 0, Fullscreen: False, Volume: 0, Cache: False, Window Maximized: False
, Quality: best, Screen Number: 0, Fullscreen: False, Volume: 0, Cache: False, Window Maximized: False
, Quality: best, Screen Number: 0, Fullscreen: False, Volume: 0, Cache: False, Window Maximized: False
, Quality: best, Screen Number: 0, Fullscreen: False, Volume: 0, Cache: False, Window Maximized: False
, Quality: best, Screen Number: 0, Fullscreen: False, Volume: 0, Cache: False, Window Maximized: False
, Quality: best, Screen Number: 0, Fullscreen: False, Volume: 0, Cache: False, Window Maximized: False
, Quality: best, Screen Number: 0, Fullscreen: False, Volume: 0, Cache: False, Window Maximized: False
, Quality: best, Screen Number: 0, Fullscreen: False, Volume: 0, Cache: False, Window Maximized: False
, Quality: best, Screen Number: 0, Fullscreen: False, Volume: 0, Cache: False, Window Maximized: False
, Quality: best, Screen Number: 0, Fullscreen: False, Volume: 0, Cache: False, Window Maximized: False
, Quality: best, Screen Number: 0, Fullscreen: False, Volume: 0, Cache: False, Window Maximized: False
, Quality: best, Screen Number: 0, Fullscreen: False, Volume: 0, Cache: False, Window Maximized: False
, Quality: best, Screen Number: 0, Fullscreen: False, Volume: 0, Cache: False, Window Maximized: False
, Quality: best, Screen Number: 0, Fullscreen: False, Volume: 0, Cache: False, Window Maximized: False
, Quality: best, Screen Number: 0, Fullscreen: False, Volume: 0, Cache: False, Window Maximized: False
, Quality: best, Screen Number: 0, Fullscreen: False, Volume: 0, Cache: False, Window Maximized: False
, Quality: best, Screen Number: 0, Fullscreen: False, Volume: 0, Cache: False, Window Maximized: False
, Quality: best, Screen Number: 0, Fullscreen: False, Volume: 0, Cache: False, Window Maximized: False
, Quality: best, Screen Number: 0, Fullscreen: False, Volume: 0, Cache: False, Window Maximized: False
, Quality: best, Screen Number: 0, Fullscreen: False, Volume: 0, Cache: False, Window Maximized: False
, Quality: best, Screen Number: 0, Fullscreen: False, Volume: 0, Cache: False, Window Maximized: False
, Quality: best, Screen Number: 0, Fullscreen: False, Volume: 0, Cache: False, Window Maximized: False
, Quality: best, Screen Number: 0, Fullscreen: False, Volume: 0, Cache: False, Window Maximized: False
, Quality: best, Screen Number: 0, Fullscreen: False, Volume: 0, Cache: False, Window Maximized: False
, Quality: best, Screen Number: 0, Fullscreen: False, Volume: 0, Cache: False, Window Maximized: False
, Quality: best, Screen Number: 0, Fullscreen: False, Volume: 0, Cache: False, Window Maximized: False
, Quality: best, Screen Number: 0, Fullscreen: False, Volume: 0, Cache: False, Window Maximized: False
, Quality: best, Screen Number: 0, Fullscreen: False, Volume: 0, Cache: False, Window Maximized: False
, Quality: best, Screen Number: 0, Fullscreen: False, Volume: 0, Cache: False, Window Maximized: False
, Quality: best, Screen Number: 0, Fullscreen: False, Volume: 0, Cache: False, Window Maximized: False
, Quality: best, Screen Number: 0, Fullscreen: False, Volume: 0, Cache: False, Window Maximized: False
, Quality: best, Screen Number: 0, Fullscreen: False, Volume: 0, Cache: False, Window Maximized: False
, Quality: best, Screen Number: 0, Fullscreen: False, Volume: 0, Cache: False, Window Maximized: False
, Quality: best, Screen Number: 0, Fullscreen: False, Volume: 0, Cache: False, Window Maximized: False
, Quality: best, Screen Number: 0, Fullscreen: False, Volume: 0, Cache: False, Window Maximized: False
, Quality: best, Screen Number: 0, Fullscreen: False, Volume: 0, Cache: False, Window Maximized: False
, Quality: best, Screen Number: 0, Fullscreen: False, Volume: 0, Cache: False, Window Maximized: False
, Quality: best, Screen Number: 0, Fullscreen: False, Volume: 0, Cache: False, Window Maximized: False
, Quality: best, Screen Number: 0, Fullscreen: False, Volume: 0, Cache: False, Window Maximized: False
, Quality: best, Screen Number: 0, Fullscreen: False, Volume: 0, Cache: False, Window Maximized: False
, Quality: best, Screen Number: 0, Fullscreen: False, Volume: 0, Cache: False, Window Maximized: False
, Quality: best, Screen Number: 0, Fullscreen: False, Volume: 0, Cache: False, Window Maximized: False
, Quality: best, Screen Number: 0, Fullscreen: False, Volume: 0, Cache: False, Window Maximized: False
, Quality: best, Screen Number: 0, Fullscreen: False, Volume: 0, Cache: False, Window Maximized: False
, Quality: best, Screen Number: 0, Fullscreen: False, Volume: 0, Cache: False, Window Maximized: False
2024-12-18 12:32:29,966 - Could not get video info - OK: This live event has ended.
2024-12-18 13:28:51,523 - Could not get video info - OK: This live event has ended.
, Quality: best, Screen Number: 0, Fullscreen: False, Volume: 0, Cache: False, Window Maximized: False
, Quality: best, Screen Number: 0, Fullscreen: False, Volume: 0, Cache: False, Window Maximized: False
, Quality: best, Screen Number: 0, Fullscreen: False, Volume: 0, Cache: False, Window Maximized: False
, Quality: best, Screen Number: 0, Fullscreen: False, Volume: 0, Cache: False, Window Maximized: False
, Quality: best, Screen Number: 0, Fullscreen: False, Volume: 0, Cache: False, Window Maximized: False
, Quality: best, Screen Number: 0, Fullscreen: False, Volume: 0, Cache: False, Window Maximized: False
, Quality: best, Screen Number: 0, Fullscreen: False, Volume: 0, Cache: False, Window Maximized: False
, Quality: best, Screen Number: 0, Fullscreen: False, Volume: 0, Cache: False, Window Maximized: False
, Quality: best, Screen Number: 0, Fullscreen: False, Volume: 0, Cache: False, Window Maximized: False
, Quality: best, Screen Number: 0, Fullscreen: False, Volume: 0, Cache: False, Window Maximized: False
, Quality: best, Screen Number: 0, Fullscreen: False, Volume: 0, Cache: False, Window Maximized: False
, Quality: best, Screen Number: 0, Fullscreen: False, Volume: 0, Cache: False, Window Maximized: False
, Quality: best, Screen Number: 0, Fullscreen: False, Volume: 0, Cache: False, Window Maximized: False
, Quality: best, Screen Number: 0, Fullscreen: False, Volume: 0, Cache: False, Window Maximized: False
, Quality: best, Screen Number: 0, Fullscreen: False, Volume: 0, Cache: False, Window Maximized: False
, Quality: best, Screen Number: 0, Fullscreen: False, Volume: 0, Cache: False, Window Maximized: False
, Quality: best, Screen Number: 0, Fullscreen: False, Volume: 0, Cache: False, Window Maximized: False
2024-12-18 15:59:28,769 - Could not get video info - UNPLAYABLE: This video is available to this channel's members on level:  (or any higher level). Join this channel to get access to members-only content and other exclusive perks.
2024-12-18 15:59:32,227 - Could not get video info - UNPLAYABLE: Join this channel to get access to members-only content like this video, and other exclusive perks.
2024-12-18 15:59:40,147 - Could not get video info - OK: This live event has ended.
2024-12-18 15:59:52,417 - Could not get video info - OK: This live event has ended.
2024-12-18 16:00:08,896 - Could not get video info - OK: This live event has ended.
2024-12-18 16:00:19,136 - Could not get video info - OK: This live event has ended.
2024-12-18 16:00:46,779 - Could not get video info - OK: This live event has ended.
, Quality: best, Screen Number: 0, Fullscreen: False, Volume: 0, Cache: False, Window Maximized: False
, Quality: best, Screen Number: 0, Fullscreen: False, Volume: 0, Cache: False, Window Maximized: False
, Quality: best, Screen Number: 0, Fullscreen: False, Volume: 0, Cache: False, Window Maximized: False
, Quality: best, Screen Number: 0, Fullscreen: False, Volume: 0, Cache: False, Window Maximized: False
, Quality: best, Screen Number: 0, Fullscreen: False, Volume: 0, Cache: False, Window Maximized: False
, Quality: best, Screen Number: 0, Fullscreen: False, Volume: 0, Cache: False, Window Maximized: False
, Quality: best, Screen Number: 0, Fullscreen: False, Volume: 0, Cache: False, Window Maximized: False
, Quality: best, Screen Number: 0, Fullscreen: False, Volume: 0, Cache: False, Window Maximized: False
, Quality: best, Screen Number: 0, Fullscreen: False, Volume: 0, Cache: False, Window Maximized: False
2024-12-18 16:55:41,092 - URL: https://www.youtube.com/watch?v=AoCFxnZ5upo, Quality: best, Screen Number: 1, Fullscreen: False, Volume: 0, Cache: False, Window Maximized: False
, Quality: best, Screen Number: 0, Fullscreen: False, Volume: 0, Cache: False, Window Maximized: False
, Quality: best, Screen Number: 0, Fullscreen: False, Volume: 0, Cache: False, Window Maximized: False
, Quality: best, Screen Number: 0, Fullscreen: False, Volume: 0, Cache: False, Window Maximized: False
, Quality: best, Screen Number: 0, Fullscreen: False, Volume: 0, Cache: False, Window Maximized: False
, Quality: best, Screen Number: 0, Fullscreen: False, Volume: 0, Cache: False, Window Maximized: False
, Quality: best, Screen Number: 0, Fullscreen: False, Volume: 0, Cache: False, Window Maximized: False
, Quality: best, Screen Number: 0, Fullscreen: False, Volume: 0, Cache: False, Window Maximized: False
, Quality: best, Screen Number: 0, Fullscreen: False, Volume: 0, Cache: False, Window Maximized: False
, Quality: best, Screen Number: 0, Fullscreen: False, Volume: 0, Cache: False, Window Maximized: False
, Quality: best, Screen Number: 0, Fullscreen: False, Volume: 0, Cache: False, Window Maximized: False
, Quality: best, Screen Number: 0, Fullscreen: False, Volume: 0, Cache: False, Window Maximized: False
, Quality: best, Screen Number: 0, Fullscreen: False, Volume: 0, Cache: False, Window Maximized: False
, Quality: best, Screen Number: 0, Fullscreen: False, Volume: 0, Cache: False, Window Maximized: False
, Quality: best, Screen Number: 0, Fullscreen: False, Volume: 0, Cache: False, Window Maximized: False
, Quality: best, Screen Number: 0, Fullscreen: False, Volume: 0, Cache: False, Window Maximized: False
, Quality: best, Screen Number: 0, Fullscreen: False, Volume: 0, Cache: False, Window Maximized: False
, Quality: best, Screen Number: 0, Fullscreen: False, Volume: 0, Cache: False, Window Maximized: False
, Quality: best, Screen Number: 0, Fullscreen: False, Volume: 0, Cache: False, Window Maximized: False
, Quality: best, Screen Number: 0, Fullscreen: False, Volume: 0, Cache: False, Window Maximized: False
, Quality: best, Screen Number: 0, Fullscreen: False, Volume: 0, Cache: False, Window Maximized: False
, Quality: best, Screen Number: 0, Fullscreen: False, Volume: 0, Cache: False, Window Maximized: False
, Quality: best, Screen Number: 0, Fullscreen: False, Volume: 0, Cache: False, Window Maximized: False
, Quality: best, Screen Number: 0, Fullscreen: False, Volume: 0, Cache: False, Window Maximized: False
, Quality: best, Screen Number: 0, Fullscreen: False, Volume: 0, Cache: False, Window Maximized: False
, Quality: best, Screen Number: 0, Fullscreen: False, Volume: 0, Cache: False, Window Maximized: False
, Quality: best, Screen Number: 0, Fullscreen: False, Volume: 0, Cache: False, Window Maximized: False
, Quality: best, Screen Number: 0, Fullscreen: False, Volume: 0, Cache: False, Window Maximized: False
, Quality: best, Screen Number: 0, Fullscreen: False, Volume: 0, Cache: False, Window Maximized: False
, Quality: best, Screen Number: 0, Fullscreen: False, Volume: 0, Cache: False, Window Maximized: False
, Quality: best, Screen Number: 0, Fullscreen: False, Volume: 0, Cache: False, Window Maximized: False
, Quality: best, Screen Number: 0, Fullscreen: False, Volume: 0, Cache: False, Window Maximized: False
, Quality: best, Screen Number: 0, Fullscreen: False, Volume: 0, Cache: False, Window Maximized: False
, Quality: best, Screen Number: 0, Fullscreen: False, Volume: 0, Cache: False, Window Maximized: False
, Quality: best, Screen Number: 0, Fullscreen: False, Volume: 0, Cache: False, Window Maximized: False
, Quality: best, Screen Number: 0, Fullscreen: False, Volume: 0, Cache: False, Window Maximized: False
, Quality: best, Screen Number: 0, Fullscreen: False, Volume: 0, Cache: False, Window Maximized: False
, Quality: best, Screen Number: 0, Fullscreen: False, Volume: 0, Cache: False, Window Maximized: False
, Quality: best, Screen Number: 0, Fullscreen: False, Volume: 0, Cache: False, Window Maximized: False
, Quality: best, Screen Number: 0, Fullscreen: False, Volume: 0, Cache: False, Window Maximized: False
, Quality: best, Screen Number: 0, Fullscreen: False, Volume: 0, Cache: False, Window Maximized: False
, Quality: best, Screen Number: 0, Fullscreen: False, Volume: 0, Cache: False, Window Maximized: False
, Quality: best, Screen Number: 0, Fullscreen: False, Volume: 0, Cache: False, Window Maximized: False
, Quality: best, Screen Number: 0, Fullscreen: False, Volume: 0, Cache: False, Window Maximized: False
, Quality: best, Screen Number: 0, Fullscreen: False, Volume: 0, Cache: False, Window Maximized: False
, Quality: best, Screen Number: 0, Fullscreen: False, Volume: 0, Cache: False, Window Maximized: False
, Quality: best, Screen Number: 0, Fullscreen: False, Volume: 0, Cache: False, Window Maximized: False
, Quality: best, Screen Number: 0, Fullscreen: False, Volume: 0, Cache: False, Window Maximized: False
, Quality: best, Screen Number: 0, Fullscreen: False, Volume: 0, Cache: False, Window Maximized: False
, Quality: best, Screen Number: 0, Fullscreen: False, Volume: 0, Cache: False, Window Maximized: False
2024-12-18 23:37:24,953 - Could not get video info - LOGIN_REQUIRED: None
2024-12-18 23:41:14,639 - Could not get video info - OK: This live event has ended.
2024-12-19 00:27:32,050 - Could not validate FFmpeg!
2024-12-19 00:27:32,308 - Unexpected FFmpeg version output while running ['/usr/bin/ffmpeg', '-version']
2024-12-19 00:27:32,308 - No valid FFmpeg binary was found. See the --ffmpeg-ffmpeg option.
2024-12-19 00:27:32,308 - Muxing streams is unsupported! Only a subset of the available streams can be returned!
2024-12-19 00:27:36,743 - Could not get video info - OK: This live event has ended.
, Quality: best, Screen Number: 0, Fullscreen: False, Volume: 0, Cache: False, Window Maximized: False
, Quality: best, Screen Number: 0, Fullscreen: False, Volume: 0, Cache: False, Window Maximized: False
, Quality: best, Screen Number: 0, Fullscreen: False, Volume: 0, Cache: False, Window Maximized: False
, Quality: best, Screen Number: 0, Fullscreen: False, Volume: 0, Cache: False, Window Maximized: False
, Quality: best, Screen Number: 0, Fullscreen: False, Volume: 0, Cache: False, Window Maximized: False
, Quality: best, Screen Number: 0, Fullscreen: False, Volume: 0, Cache: False, Window Maximized: False
, Quality: best, Screen Number: 0, Fullscreen: False, Volume: 0, Cache: False, Window Maximized: False
, Quality: best, Screen Number: 0, Fullscreen: False, Volume: 0, Cache: False, Window Maximized: False
, Quality: best, Screen Number: 0, Fullscreen: False, Volume: 0, Cache: False, Window Maximized: False
, Quality: best, Screen Number: 0, Fullscreen: False, Volume: 0, Cache: False, Window Maximized: False
, Quality: best, Screen Number: 0, Fullscreen: False, Volume: 0, Cache: False, Window Maximized: False
, Quality: best, Screen Number: 0, Fullscreen: False, Volume: 0, Cache: False, Window Maximized: False
, Quality: best, Screen Number: 0, Fullscreen: False, Volume: 0, Cache: False, Window Maximized: False
, Quality: best, Screen Number: 0, Fullscreen: False, Volume: 0, Cache: False, Window Maximized: False
, Quality: best, Screen Number: 0, Fullscreen: False, Volume: 0, Cache: False, Window Maximized: False
, Quality: best, Screen Number: 0, Fullscreen: False, Volume: 0, Cache: False, Window Maximized: False
, Quality: best, Screen Number: 0, Fullscreen: False, Volume: 0, Cache: False, Window Maximized: False
, Quality: best, Screen Number: 0, Fullscreen: False, Volume: 0, Cache: False, Window Maximized: False
, Quality: best, Screen Number: 0, Fullscreen: False, Volume: 0, Cache: False, Window Maximized: False
, Quality: best, Screen Number: 0, Fullscreen: False, Volume: 0, Cache: False, Window Maximized: False
, Quality: best, Screen Number: 0, Fullscreen: False, Volume: 0, Cache: False, Window Maximized: False
, Quality: best, Screen Number: 0, Fullscreen: False, Volume: 0, Cache: False, Window Maximized: False
, Quality: best, Screen Number: 0, Fullscreen: False, Volume: 0, Cache: False, Window Maximized: False
, Quality: best, Screen Number: 0, Fullscreen: False, Volume: 0, Cache: False, Window Maximized: False
, Quality: best, Screen Number: 0, Fullscreen: False, Volume: 0, Cache: False, Window Maximized: False
, Quality: best, Screen Number: 0, Fullscreen: False, Volume: 0, Cache: False, Window Maximized: False
, Quality: best, Screen Number: 0, Fullscreen: False, Volume: 0, Cache: False, Window Maximized: False
, Quality: best, Screen Number: 0, Fullscreen: False, Volume: 0, Cache: False, Window Maximized: False
, Quality: best, Screen Number: 0, Fullscreen: False, Volume: 0, Cache: False, Window Maximized: False
, Quality: best, Screen Number: 0, Fullscreen: False, Volume: 0, Cache: False, Window Maximized: False
, Quality: best, Screen Number: 0, Fullscreen: False, Volume: 0, Cache: False, Window Maximized: False
, Quality: best, Screen Number: 0, Fullscreen: False, Volume: 0, Cache: False, Window Maximized: False
, Quality: best, Screen Number: 0, Fullscreen: False, Volume: 0, Cache: False, Window Maximized: False
, Quality: best, Screen Number: 0, Fullscreen: False, Volume: 0, Cache: False, Window Maximized: False
, Quality: best, Screen Number: 0, Fullscreen: False, Volume: 0, Cache: False, Window Maximized: False
, Quality: best, Screen Number: 0, Fullscreen: False, Volume: 0, Cache: False, Window Maximized: False
, Quality: best, Screen Number: 0, Fullscreen: False, Volume: 0, Cache: False, Window Maximized: False
, Quality: best, Screen Number: 0, Fullscreen: False, Volume: 0, Cache: False, Window Maximized: False
, Quality: best, Screen Number: 0, Fullscreen: False, Volume: 0, Cache: False, Window Maximized: False
, Quality: best, Screen Number: 0, Fullscreen: False, Volume: 0, Cache: False, Window Maximized: False
, Quality: best, Screen Number: 0, Fullscreen: False, Volume: 0, Cache: False, Window Maximized: False
, Quality: best, Screen Number: 0, Fullscreen: False, Volume: 0, Cache: False, Window Maximized: False
, Quality: best, Screen Number: 0, Fullscreen: False, Volume: 0, Cache: False, Window Maximized: False
, Quality: best, Screen Number: 0, Fullscreen: False, Volume: 0, Cache: False, Window Maximized: False
, Quality: best, Screen Number: 0, Fullscreen: False, Volume: 0, Cache: False, Window Maximized: False
, Quality: best, Screen Number: 0, Fullscreen: False, Volume: 0, Cache: False, Window Maximized: False
, Quality: best, Screen Number: 0, Fullscreen: False, Volume: 0, Cache: False, Window Maximized: False
, Quality: best, Screen Number: 0, Fullscreen: False, Volume: 0, Cache: False, Window Maximized: False
, Quality: best, Screen Number: 0, Fullscreen: False, Volume: 0, Cache: False, Window Maximized: False
, Quality: best, Screen Number: 0, Fullscreen: False, Volume: 0, Cache: False, Window Maximized: False
2024-12-19 00:50:52,116 - URL: https://www.youtube.com/watch?v=CtOwvXA7QEo, Quality: best, Screen Number: 1, Fullscreen: False, Volume: 0, Cache: False, Window Maximized: False
, Quality: best, Screen Number: 0, Fullscreen: False, Volume: 0, Cache: False, Window Maximized: False
, Quality: best, Screen Number: 0, Fullscreen: False, Volume: 0, Cache: False, Window Maximized: False
2024-12-19 00:50:59,943 - URL: https://www.twitch.tv/lucypyre
, Quality: best, Screen Number: 0, Fullscreen: False, Volume: 0, Cache: False, Window Maximized: False
, Quality: best, Screen Number: 0, Fullscreen: False, Volume: 0, Cache: False, Window Maximized: False
, Quality: best, Screen Number: 0, Fullscreen: False, Volume: 0, Cache: False, Window Maximized: False
, Quality: best, Screen Number: 0, Fullscreen: False, Volume: 0, Cache: False, Window Maximized: False
, Quality: best, Screen Number: 0, Fullscreen: False, Volume: 0, Cache: False, Window Maximized: False
, Quality: best, Screen Number: 0, Fullscreen: False, Volume: 0, Cache: False, Window Maximized: False
, Quality: best, Screen Number: 0, Fullscreen: False, Volume: 0, Cache: False, Window Maximized: False
, Quality: best, Screen Number: 0, Fullscreen: False, Volume: 0, Cache: False, Window Maximized: False
, Quality: best, Screen Number: 0, Fullscreen: False, Volume: 0, Cache: False, Window Maximized: False
, Quality: best, Screen Number: 0, Fullscreen: False, Volume: 0, Cache: False, Window Maximized: False
, Quality: best, Screen Number: 0, Fullscreen: False, Volume: 0, Cache: False, Window Maximized: False
2024-12-19 01:13:55,660 - URL: https://www.youtube.com/watch?v=CtOwvXA7QEo, Quality: best, Screen Number: 1, Fullscreen: False, Volume: 0, Cache: False, Window Maximized: False
, Quality: best, Screen Number: 0, Fullscreen: False, Volume: 0, Cache: False, Window Maximized: False
, Quality: best, Screen Number: 0, Fullscreen: False, Volume: 0, Cache: False, Window Maximized: False
, Quality: best, Screen Number: 0, Fullscreen: False, Volume: 0, Cache: False, Window Maximized: False
, Quality: best, Screen Number: 0, Fullscreen: False, Volume: 0, Cache: False, Window Maximized: False
, Quality: best, Screen Number: 0, Fullscreen: False, Volume: 0, Cache: False, Window Maximized: False
, Quality: best, Screen Number: 0, Fullscreen: False, Volume: 0, Cache: False, Window Maximized: False
, Quality: best, Screen Number: 0, Fullscreen: False, Volume: 0, Cache: False, Window Maximized: False
, Quality: best, Screen Number: 0, Fullscreen: False, Volume: 0, Cache: False, Window Maximized: False
, Quality: best, Screen Number: 0, Fullscreen: False, Volume: 0, Cache: False, Window Maximized: False
, Quality: best, Screen Number: 0, Fullscreen: False, Volume: 0, Cache: False, Window Maximized: False
, Quality: best, Screen Number: 0, Fullscreen: False, Volume: 0, Cache: False, Window Maximized: False
, Quality: best, Screen Number: 0, Fullscreen: False, Volume: 0, Cache: False, Window Maximized: False
, Quality: best, Screen Number: 0, Fullscreen: False, Volume: 0, Cache: False, Window Maximized: False
, Quality: best, Screen Number: 0, Fullscreen: False, Volume: 0, Cache: False, Window Maximized: False
, Quality: best, Screen Number: 0, Fullscreen: False, Volume: 0, Cache: False, Window Maximized: False
, Quality: best, Screen Number: 0, Fullscreen: False, Volume: 0, Cache: False, Window Maximized: False
2024-12-19 01:16:06,149 - URL: https://www.youtube.com/watch?v=Gv3qPBC-uNI, Quality: best, Screen Number: 1, Fullscreen: False, Volume: 0, Cache: False, Window Maximized: False
, Quality: best, Screen Number: 0, Fullscreen: False, Volume: 0, Cache: False, Window Maximized: False
, Quality: best, Screen Number: 0, Fullscreen: False, Volume: 0, Cache: False, Window Maximized: False
, Quality: best, Screen Number: 0, Fullscreen: False, Volume: 0, Cache: False, Window Maximized: False
, Quality: best, Screen Number: 0, Fullscreen: False, Volume: 0, Cache: False, Window Maximized: False
, Quality: best, Screen Number: 0, Fullscreen: False, Volume: 0, Cache: False, Window Maximized: False
, Quality: best, Screen Number: 0, Fullscreen: False, Volume: 0, Cache: False, Window Maximized: False
, Quality: best, Screen Number: 0, Fullscreen: False, Volume: 0, Cache: False, Window Maximized: False
, Quality: best, Screen Number: 0, Fullscreen: False, Volume: 0, Cache: False, Window Maximized: False
, Quality: best, Screen Number: 0, Fullscreen: False, Volume: 0, Cache: False, Window Maximized: False
, Quality: best, Screen Number: 0, Fullscreen: False, Volume: 0, Cache: False, Window Maximized: False
, Quality: best, Screen Number: 0, Fullscreen: False, Volume: 0, Cache: False, Window Maximized: False
, Quality: best, Screen Number: 0, Fullscreen: False, Volume: 0, Cache: False, Window Maximized: False
, Quality: best, Screen Number: 0, Fullscreen: False, Volume: 0, Cache: False, Window Maximized: False
, Quality: best, Screen Number: 0, Fullscreen: False, Volume: 0, Cache: False, Window Maximized: False
, Quality: best, Screen Number: 0, Fullscreen: False, Volume: 0, Cache: False, Window Maximized: False
, Quality: best, Screen Number: 0, Fullscreen: False, Volume: 0, Cache: False, Window Maximized: False
, Quality: best, Screen Number: 0, Fullscreen: False, Volume: 0, Cache: False, Window Maximized: False
, Quality: best, Screen Number: 0, Fullscreen: False, Volume: 0, Cache: False, Window Maximized: False
, Quality: best, Screen Number: 0, Fullscreen: False, Volume: 0, Cache: False, Window Maximized: False
, Quality: best, Screen Number: 0, Fullscreen: False, Volume: 0, Cache: False, Window Maximized: False
, Quality: best, Screen Number: 0, Fullscreen: False, Volume: 0, Cache: False, Window Maximized: False
, Quality: best, Screen Number: 0, Fullscreen: False, Volume: 0, Cache: False, Window Maximized: False
, Quality: best, Screen Number: 0, Fullscreen: False, Volume: 0, Cache: False, Window Maximized: False
, Quality: best, Screen Number: 0, Fullscreen: False, Volume: 0, Cache: False, Window Maximized: False
, Quality: best, Screen Number: 0, Fullscreen: False, Volume: 0, Cache: False, Window Maximized: False
, Quality: best, Screen Number: 0, Fullscreen: False, Volume: 0, Cache: False, Window Maximized: False
, Quality: best, Screen Number: 0, Fullscreen: False, Volume: 0, Cache: False, Window Maximized: False
, Quality: best, Screen Number: 0, Fullscreen: False, Volume: 0, Cache: False, Window Maximized: False
, Quality: best, Screen Number: 0, Fullscreen: False, Volume: 0, Cache: False, Window Maximized: False
, Quality: best, Screen Number: 0, Fullscreen: False, Volume: 0, Cache: False, Window Maximized: False
, Quality: best, Screen Number: 0, Fullscreen: False, Volume: 0, Cache: False, Window Maximized: False
, Quality: best, Screen Number: 0, Fullscreen: False, Volume: 0, Cache: False, Window Maximized: False
, Quality: best, Screen Number: 0, Fullscreen: False, Volume: 0, Cache: False, Window Maximized: False
, Quality: best, Screen Number: 0, Fullscreen: False, Volume: 0, Cache: False, Window Maximized: False
2024-12-19 02:25:17,883 - URL: https://www.twitch.tv/AkariiNyan, Quality: best, Screen Number: 0, Fullscreen: False, Volume: 0, Cache: False, Window Maximized: False
